<?xml version="1.0" encoding="UTF-8"?>
<!-- Generated by org.testng.reporters.JUnitReportReporter -->
<testsuite skipped="0" hostname="Sumits-MacBook-Pro.local" name="Scenarios.codePractice" tests="3" failures="0" timestamp="26 Nov 2019 18:30:00 GMT" time="0.055" errors="0">
  <testcase name="randomValueGenerator" time="0.021" classname="Scenarios.codePractice"/>
  <testcase name="randomValueGenerator" time="0.012" classname="Scenarios.codePractice"/>
  <testcase name="randomValueGenerator" time="0.022" classname="Scenarios.codePractice"/>
</testsuite> <!-- Scenarios.codePractice -->
