<?xml version="1.0" encoding="UTF-8"?>
<!-- Generated by org.testng.reporters.JUnitReportReporter -->
<testsuite skipped="0" hostname="Sumits-MacBook-Pro.local" name="Scenarios.scenario2" tests="1" failures="0" timestamp="26 Nov 2019 17:37:12 GMT" time="5.587" errors="0">
  <testcase name="hostelWorld" time="5.587" classname="Scenarios.scenario2"/>
</testsuite> <!-- Scenarios.scenario2 -->
